<?xml version="1.0" encoding="UTF-8"?>
<testsuite xmlns:xsi="http://www.w3.org/2001/XMLSchema-instance" xsi:noNamespaceSchemaLocation="https://maven.apache.org/surefire/maven-surefire-plugin/xsd/surefire-test-report-3.0.xsd" version="3.0" name="TestSuite" time="9.228" tests="2" errors="0" skipped="0" failures="0">
  <properties>
[...]
</properties>
  <testcase name="runScenario[&quot;Add one quantity from store - Examples&quot;, &quot;Add to cart&quot;](1)" classname="awesomecucumber.runners.MyTestNGRunnerTest" time="5.766">
    <system-out><![CDATA[BEFORE THREAD ID: 18, SCENARIO NAME: Add one quantity from store - Examples
BEFORE THREAD ID: 19, SCENARIO NAME: Add one quantity from store - Examples
AFTER THREAD ID: 19, SCENARIO NAME: Add one quantity from store - Examples
AFTER THREAD ID: 18, SCENARIO NAME: Add one quantity from store - Examples
]]></system-out>
    <system-err><![CDATA[SLF4J: Failed to load class "org.slf4j.impl.StaticLoggerBinder".
SLF4J: Defaulting to no-operation (NOP) logger implementation
SLF4J: See http://www.slf4j.org/codes.html#StaticLoggerBinder for further details.
SSttaartritngin Cghr omCehDrroimveeDrr i1v0e4r.0 .150141.20..7591 1(23c.f739e 8(c3c8fa30e78dc1804a0b79ed121600c49b109eefb182f36803c29851d0c5e-frebf8s/fb3ra8n3ch2-8h5edacd5s/-51r12ef@{s#/13b07r}a) nocn hp-ohrte a55d7s06/5
1On1l2y@ l{o#ca1l3 c0on7n}ec)t ioonsn  arpeo alrlotw e6d5.3
P0le2ase
 Osnele yh ttpls:o/c/achlro mceodrninveerc.tchiroominsum .aroer ga/slelcuorwityed-.co
nPsliedaesraeti osnese  fhotrt pssu:g/g/ecshtiroonsm eodn rkievepeirn.gc ChhrroommeiDruimv.eorr gs/asefceu.rity-
considerations for suggestions on keeping ChromeDriver safe.
ChromeDriver was started successfully.
ChromeDriver was started successfully.
Aug 13, 2022 3:26:37 PM org.openqa.selenium.remote.ProtocolHandshake createSession
INFO: Detected upstream dialect: W3C
Aug 13, 2022 3:26:37 PM org.openqa.selenium.remote.ProtocolHandshake createSession
INFO: Detected upstream dialect: W3C
Aug 13, 2022 3:26:37 PM org.openqa.selenium.devtools.CdpVersionFinder findNearestMatch
WARNING: Unable to find an exact match for CDP version 104, so returning the closest version found: 103
Aug 13, 2022 3:26:37 PM org.openqa.selenium.devtools.CdpVersionFinder findNearestMatch
WARNING: Unable to find an exact match for CDP version 104, so returning the closest version found: 103
Aug 13, 2022 3:26:37 PM org.openqa.selenium.devtools.CdpVersionFinder findNearestMatch
INFO: Found CDP implementation for version 104 of 103
Aug 13, 2022 3:26:37 PM org.openqa.selenium.devtools.CdpVersionFinder findNearestMatch
INFO: Found CDP implementation for version 104 of 103
]]></system-err>
  </testcase>
  <testcase name="runScenario[&quot;Add one quantity from store - Examples&quot;, &quot;Add to cart&quot;](2)" classname="awesomecucumber.runners.MyTestNGRunnerTest" time="5.767"/>
</testsuite>